
*** Running vivado
    with args -log top_module.vds -m64 -product Vivado -mode batch -messageDb vivado.pb -notrace -source top_module.tcl


ECHO 处于关闭状态。
ECHO 处于关闭状态。

****** Vivado v2023.2 (64-bit)
  **** SW Build 4029153 on Fri Oct 13 20:14:34 MDT 2023
  **** IP Build 4028589 on Sat Oct 14 00:45:43 MDT 2023
  **** SharedData Build 4025554 on Tue Oct 10 17:18:54 MDT 2023
    ** Copyright 1986-2022 Xilinx, Inc. All Rights Reserved.
    ** Copyright 2022-2023 Advanced Micro Devices, Inc. All Rights Reserved.

source top_module.tcl -notrace
create_project: Time (s): cpu = 00:00:02 ; elapsed = 00:00:08 . Memory (MB): peak = 464.008 ; gain = 183.473
Command: read_checkpoint -auto_incremental -incremental {E:/FDU/IIII/Computer Organization and Architecture/Lab1/Lab1.srcs/utils_1/imports/synth_1/top_module.dcp}
INFO: [Vivado 12-5825] Read reference checkpoint from E:/FDU/IIII/Computer Organization and Architecture/Lab1/Lab1.srcs/utils_1/imports/synth_1/top_module.dcp for incremental synthesis
INFO: [Vivado 12-7989] Please ensure there are no constraint changes
Command: synth_design -top top_module -part xc7a100tcsg324-3
Starting synth_design
Attempting to get a license for feature 'Synthesis' and/or device 'xc7a100t'
INFO: [Common 17-349] Got license for feature 'Synthesis' and/or device 'xc7a100t'
INFO: [Device 21-403] Loading part xc7a100tcsg324-3
INFO: [Designutils 20-5440] No compile time benefit to using incremental synthesis; A full resynthesis will be run
INFO: [Designutils 20-4379] Flow is switching to default flow due to incremental criteria not met. If you would like to alter this behaviour and have the flow terminate instead, please set the following parameter config_implementation {autoIncr.Synth.RejectBehavior Terminate}
INFO: [Synth 8-7079] Multithreading enabled for synth_design using a maximum of 2 processes.
INFO: [Synth 8-7078] Launching helper process for spawning children vivado processes
INFO: [Synth 8-7075] Helper process launched with PID 18584
---------------------------------------------------------------------------------
Starting RTL Elaboration : Time (s): cpu = 00:00:02 ; elapsed = 00:00:07 . Memory (MB): peak = 1318.102 ; gain = 441.109
---------------------------------------------------------------------------------
INFO: [Synth 8-6157] synthesizing module 'top_module' [E:/FDU/IIII/Computer Organization and Architecture/Lab1/Lab1.srcs/srcs_1/top_module.sv:1]
INFO: [Synth 8-6157] synthesizing module 'alu' [E:/FDU/IIII/Computer Organization and Architecture/Lab1/Lab1.srcs/srcs_1/alu.sv:11]
INFO: [Synth 8-6155] done synthesizing module 'alu' (0#1) [E:/FDU/IIII/Computer Organization and Architecture/Lab1/Lab1.srcs/srcs_1/alu.sv:11]
INFO: [Synth 8-6157] synthesizing module 'display' [E:/FDU/IIII/Computer Organization and Architecture/Lab1/Lab1.srcs/srcs_1/display.sv:1]
INFO: [Synth 8-6157] synthesizing module 'bin2bcd' [E:/FDU/IIII/Computer Organization and Architecture/Lab1/Lab1.srcs/srcs_1/bin2bcd.sv:1]
INFO: [Synth 8-6155] done synthesizing module 'bin2bcd' (0#1) [E:/FDU/IIII/Computer Organization and Architecture/Lab1/Lab1.srcs/srcs_1/bin2bcd.sv:1]
INFO: [Synth 8-226] default block is never used [E:/FDU/IIII/Computer Organization and Architecture/Lab1/Lab1.srcs/srcs_1/display.sv:26]
INFO: [Synth 8-6157] synthesizing module 'display_number' [E:/FDU/IIII/Computer Organization and Architecture/Lab1/Lab1.srcs/srcs_1/display_number.sv:12]
INFO: [Synth 8-6155] done synthesizing module 'display_number' (0#1) [E:/FDU/IIII/Computer Organization and Architecture/Lab1/Lab1.srcs/srcs_1/display_number.sv:12]
INFO: [Synth 8-6157] synthesizing module 'display_op' [E:/FDU/IIII/Computer Organization and Architecture/Lab1/Lab1.srcs/srcs_1/display_op.sv:11]
INFO: [Synth 8-6155] done synthesizing module 'display_op' (0#1) [E:/FDU/IIII/Computer Organization and Architecture/Lab1/Lab1.srcs/srcs_1/display_op.sv:11]
INFO: [Synth 8-6155] done synthesizing module 'display' (0#1) [E:/FDU/IIII/Computer Organization and Architecture/Lab1/Lab1.srcs/srcs_1/display.sv:1]
INFO: [Synth 8-6155] done synthesizing module 'top_module' (0#1) [E:/FDU/IIII/Computer Organization and Architecture/Lab1/Lab1.srcs/srcs_1/top_module.sv:1]
---------------------------------------------------------------------------------
Finished RTL Elaboration : Time (s): cpu = 00:00:03 ; elapsed = 00:00:09 . Memory (MB): peak = 1425.512 ; gain = 548.520
---------------------------------------------------------------------------------
---------------------------------------------------------------------------------
Start Handling Custom Attributes
---------------------------------------------------------------------------------
---------------------------------------------------------------------------------
Finished Handling Custom Attributes : Time (s): cpu = 00:00:03 ; elapsed = 00:00:09 . Memory (MB): peak = 1425.512 ; gain = 548.520
---------------------------------------------------------------------------------
---------------------------------------------------------------------------------
Finished RTL Optimization Phase 1 : Time (s): cpu = 00:00:03 ; elapsed = 00:00:09 . Memory (MB): peak = 1425.512 ; gain = 548.520
---------------------------------------------------------------------------------
Netlist sorting complete. Time (s): cpu = 00:00:00 ; elapsed = 00:00:00.007 . Memory (MB): peak = 1425.512 ; gain = 0.000
INFO: [Project 1-570] Preparing netlist for logic optimization

Processing XDC Constraints
Initializing timing engine
Parsing XDC File [E:/FDU/IIII/Computer Organization and Architecture/Lab1/Lab1.srcs/constrs_1/new/ALU.xdc]
Finished Parsing XDC File [E:/FDU/IIII/Computer Organization and Architecture/Lab1/Lab1.srcs/constrs_1/new/ALU.xdc]
INFO: [Project 1-236] Implementation specific constraints were found while reading constraint file [E:/FDU/IIII/Computer Organization and Architecture/Lab1/Lab1.srcs/constrs_1/new/ALU.xdc]. These constraints will be ignored for synthesis but will be used in implementation. Impacted constraints are listed in the file [.Xil/top_module_propImpl.xdc].
Resolution: To avoid this warning, move constraints listed in [.Xil/top_module_propImpl.xdc] to another XDC file and exclude this new file from synthesis with the used_in_synthesis property (File Properties dialog in GUI) and re-run elaboration/synthesis.
Completed Processing XDC Constraints

Netlist sorting complete. Time (s): cpu = 00:00:00 ; elapsed = 00:00:00 . Memory (MB): peak = 1507.516 ; gain = 0.000
INFO: [Project 1-111] Unisim Transformation Summary:
No Unisim elements were transformed.

拒绝访问。
Constraint Validation Runtime : Time (s): cpu = 00:00:00 ; elapsed = 00:00:00.003 . Memory (MB): peak = 1507.516 ; gain = 0.000
INFO: [Designutils 20-5440] No compile time benefit to using incremental synthesis; A full resynthesis will be run
INFO: [Designutils 20-4379] Flow is switching to default flow due to incremental criteria not met. If you would like to alter this behaviour and have the flow terminate instead, please set the following parameter config_implementation {autoIncr.Synth.RejectBehavior Terminate}
---------------------------------------------------------------------------------
Finished Constraint Validation : Time (s): cpu = 00:00:05 ; elapsed = 00:00:19 . Memory (MB): peak = 1507.516 ; gain = 630.523
---------------------------------------------------------------------------------
---------------------------------------------------------------------------------
Start Loading Part and Timing Information
---------------------------------------------------------------------------------
Loading part: xc7a100tcsg324-3
---------------------------------------------------------------------------------
Finished Loading Part and Timing Information : Time (s): cpu = 00:00:05 ; elapsed = 00:00:19 . Memory (MB): peak = 1507.516 ; gain = 630.523
---------------------------------------------------------------------------------
---------------------------------------------------------------------------------
Start Applying 'set_property' XDC Constraints
---------------------------------------------------------------------------------
---------------------------------------------------------------------------------
Finished applying 'set_property' XDC Constraints : Time (s): cpu = 00:00:05 ; elapsed = 00:00:19 . Memory (MB): peak = 1507.516 ; gain = 630.523
---------------------------------------------------------------------------------
---------------------------------------------------------------------------------
Finished RTL Optimization Phase 2 : Time (s): cpu = 00:00:05 ; elapsed = 00:00:20 . Memory (MB): peak = 1507.516 ; gain = 630.523
---------------------------------------------------------------------------------
---------------------------------------------------------------------------------
Start RTL Component Statistics 
---------------------------------------------------------------------------------
Detailed RTL Component Info : 
+---Adders : 
	   2 Input   33 Bit       Adders := 1     
	   3 Input   33 Bit       Adders := 1     
+---Registers : 
	                7 Bit    Registers := 1     
+---Muxes : 
	   8 Input    8 Bit        Muxes := 1     
	   2 Input    7 Bit        Muxes := 1     
	   8 Input    4 Bit        Muxes := 1     
	   8 Input    1 Bit        Muxes := 3     
---------------------------------------------------------------------------------
Finished RTL Component Statistics 
---------------------------------------------------------------------------------
---------------------------------------------------------------------------------
Start Part Resource Summary
---------------------------------------------------------------------------------
Part Resources:
DSPs: 240 (col length:80)
BRAMs: 270 (col length: RAMB18 80 RAMB36 40)
---------------------------------------------------------------------------------
Finished Part Resource Summary
---------------------------------------------------------------------------------
---------------------------------------------------------------------------------
Start Cross Boundary and Area Optimization
---------------------------------------------------------------------------------
WARNING: [Synth 8-7080] Parallel synthesis criteria is not met
---------------------------------------------------------------------------------
Finished Cross Boundary and Area Optimization : Time (s): cpu = 00:00:07 ; elapsed = 00:00:26 . Memory (MB): peak = 1507.516 ; gain = 630.523
---------------------------------------------------------------------------------
---------------------------------------------------------------------------------
Start Applying XDC Timing Constraints
---------------------------------------------------------------------------------
---------------------------------------------------------------------------------
Finished Applying XDC Timing Constraints : Time (s): cpu = 00:00:08 ; elapsed = 00:00:33 . Memory (MB): peak = 1507.516 ; gain = 630.523
---------------------------------------------------------------------------------
---------------------------------------------------------------------------------
Start Timing Optimization
---------------------------------------------------------------------------------
---------------------------------------------------------------------------------
Finished Timing Optimization : Time (s): cpu = 00:00:09 ; elapsed = 00:00:34 . Memory (MB): peak = 1507.516 ; gain = 630.523
---------------------------------------------------------------------------------
---------------------------------------------------------------------------------
Start Technology Mapping
---------------------------------------------------------------------------------
---------------------------------------------------------------------------------
Finished Technology Mapping : Time (s): cpu = 00:00:09 ; elapsed = 00:00:35 . Memory (MB): peak = 1507.516 ; gain = 630.523
---------------------------------------------------------------------------------
---------------------------------------------------------------------------------
Start IO Insertion
---------------------------------------------------------------------------------
---------------------------------------------------------------------------------
Start Flattening Before IO Insertion
---------------------------------------------------------------------------------
---------------------------------------------------------------------------------
Finished Flattening Before IO Insertion
---------------------------------------------------------------------------------
---------------------------------------------------------------------------------
Start Final Netlist Cleanup
---------------------------------------------------------------------------------
---------------------------------------------------------------------------------
Finished Final Netlist Cleanup
---------------------------------------------------------------------------------
---------------------------------------------------------------------------------
Finished IO Insertion : Time (s): cpu = 00:00:10 ; elapsed = 00:00:40 . Memory (MB): peak = 1507.516 ; gain = 630.523
---------------------------------------------------------------------------------
---------------------------------------------------------------------------------
Start Renaming Generated Instances
---------------------------------------------------------------------------------
---------------------------------------------------------------------------------
Finished Renaming Generated Instances : Time (s): cpu = 00:00:10 ; elapsed = 00:00:40 . Memory (MB): peak = 1507.516 ; gain = 630.523
---------------------------------------------------------------------------------
---------------------------------------------------------------------------------
Start Rebuilding User Hierarchy
---------------------------------------------------------------------------------
---------------------------------------------------------------------------------
Finished Rebuilding User Hierarchy : Time (s): cpu = 00:00:10 ; elapsed = 00:00:40 . Memory (MB): peak = 1507.516 ; gain = 630.523
---------------------------------------------------------------------------------
---------------------------------------------------------------------------------
Start Renaming Generated Ports
---------------------------------------------------------------------------------
---------------------------------------------------------------------------------
Finished Renaming Generated Ports : Time (s): cpu = 00:00:10 ; elapsed = 00:00:40 . Memory (MB): peak = 1507.516 ; gain = 630.523
---------------------------------------------------------------------------------
---------------------------------------------------------------------------------
Start Handling Custom Attributes
---------------------------------------------------------------------------------
---------------------------------------------------------------------------------
Finished Handling Custom Attributes : Time (s): cpu = 00:00:10 ; elapsed = 00:00:40 . Memory (MB): peak = 1507.516 ; gain = 630.523
---------------------------------------------------------------------------------
---------------------------------------------------------------------------------
Start Renaming Generated Nets
---------------------------------------------------------------------------------
---------------------------------------------------------------------------------
Finished Renaming Generated Nets : Time (s): cpu = 00:00:10 ; elapsed = 00:00:40 . Memory (MB): peak = 1507.516 ; gain = 630.523
---------------------------------------------------------------------------------
---------------------------------------------------------------------------------
Start Writing Synthesis Report
---------------------------------------------------------------------------------

Report BlackBoxes: 
+-+--------------+----------+
| |BlackBox name |Instances |
+-+--------------+----------+
+-+--------------+----------+

Report Cell Usage: 
+------+-------+------+
|      |Cell   |Count |
+------+-------+------+
|1     |BUFG   |     1|
|2     |CARRY4 |   403|
|3     |LUT1   |    77|
|4     |LUT2   |   432|
|5     |LUT3   |   371|
|6     |LUT4   |   551|
|7     |LUT5   |   189|
|8     |LUT6   |   546|
|9     |MUXF7  |     5|
|10    |FDRE   |    27|
|11    |IBUF   |    12|
|12    |OBUF   |    19|
+------+-------+------+
---------------------------------------------------------------------------------
Finished Writing Synthesis Report : Time (s): cpu = 00:00:10 ; elapsed = 00:00:40 . Memory (MB): peak = 1507.516 ; gain = 630.523
---------------------------------------------------------------------------------
Synthesis finished with 0 errors, 0 critical warnings and 1 warnings.
Synthesis Optimization Runtime : Time (s): cpu = 00:00:07 ; elapsed = 00:00:38 . Memory (MB): peak = 1507.516 ; gain = 548.520
Synthesis Optimization Complete : Time (s): cpu = 00:00:10 ; elapsed = 00:00:40 . Memory (MB): peak = 1507.516 ; gain = 630.523
INFO: [Project 1-571] Translating synthesized netlist
Netlist sorting complete. Time (s): cpu = 00:00:00 ; elapsed = 00:00:00.027 . Memory (MB): peak = 1507.516 ; gain = 0.000
INFO: [Netlist 29-17] Analyzing 408 Unisim elements for replacement
INFO: [Netlist 29-28] Unisim Transformation completed in 0 CPU seconds
INFO: [Project 1-570] Preparing netlist for logic optimization
INFO: [Opt 31-138] Pushed 0 inverter(s) to 0 load pin(s).
Netlist sorting complete. Time (s): cpu = 00:00:00 ; elapsed = 00:00:00.001 . Memory (MB): peak = 1507.516 ; gain = 0.000
INFO: [Project 1-111] Unisim Transformation Summary:
No Unisim elements were transformed.

拒绝访问。
Synth Design complete | Checksum: 5333d5c8
INFO: [Common 17-83] Releasing license: Synthesis
34 Infos, 1 Warnings, 0 Critical Warnings and 0 Errors encountered.
synth_design completed successfully
synth_design: Time (s): cpu = 00:00:12 ; elapsed = 00:00:47 . Memory (MB): peak = 1507.516 ; gain = 1040.547
Write ShapeDB Complete: Time (s): cpu = 00:00:00 ; elapsed = 00:00:00.011 . Memory (MB): peak = 1507.516 ; gain = 0.000
INFO: [Common 17-1381] The checkpoint 'E:/FDU/IIII/Computer Organization and Architecture/Lab1/Lab1.runs/synth_1/top_module.dcp' has been generated.
INFO: [runtcl-4] Executing : report_utilization -file top_module_utilization_synth.rpt -pb top_module_utilization_synth.pb
INFO: [Common 17-206] Exiting Vivado at Wed Mar 20 13:48:48 2024...
